
    vN Entropy at center bond b=4 = 0.076804367916
    Eigs at center bond b=4: 0.9853 0.0146 
    Largest link dim during sweep 1/5 was 4
    Largest truncation error: 3.18642e-16
    Energy after sweep 1/5 is -9.738803457884
    Sweep 1/5 CPU time = 0.00401s (Wall time = 0.0292s)

    vN Entropy at center bond b=4 = 0.344025086487
    Eigs at center bond b=4: 0.8925 0.1071 
    Largest link dim during sweep 2/5 was 15
    Largest truncation error: 6.2422e-14
    Energy after sweep 2/5 is -9.837004911661
    Sweep 2/5 CPU time = 0.00476s (Wall time = 0.00518s)

    vN Entropy at center bond b=4 = 0.357138302503
    Eigs at center bond b=4: 0.8864 0.1132 
    Largest link dim during sweep 3/5 was 15
    Largest truncation error: 4.34235e-13
    Energy after sweep 3/5 is -9.837951135570
    Sweep 3/5 CPU time = 0.00549s (Wall time = 0.00549s)

    vN Entropy at center bond b=4 = 0.357161330785
    Eigs at center bond b=4: 0.8864 0.1132 
    Largest link dim during sweep 4/5 was 11
    Largest truncation error: 3.40264e-13
    Energy after sweep 4/5 is -9.837951447448
    Sweep 4/5 CPU time = 0.00516s (Wall time = 0.00517s)

    vN Entropy at center bond b=4 = 0.357161385037
    Eigs at center bond b=4: 0.8864 0.1132 
    Largest link dim during sweep 5/5 was 9
    Largest truncation error: 2.6389e-13
    Energy after sweep 5/5 is -9.837951447457
    Sweep 5/5 CPU time = 0.00496s (Wall time = 0.00514s)

    vN Entropy at center bond b=4 = 0.113043244490
    Eigs at center bond b=4: 0.9761 0.0238 
    Largest link dim during sweep 1/5 was 4
    Largest truncation error: 2.82491e-16
    Energy after sweep 1/5 is -9.795478907474
    Sweep 1/5 CPU time = 0.00592s (Wall time = 0.00592s)

    vN Entropy at center bond b=4 = 0.356331918606
    Eigs at center bond b=4: 0.8868 0.1127 
    Largest link dim during sweep 2/5 was 14
    Largest truncation error: 4.24003e-13
    Energy after sweep 2/5 is -9.837755571507
    Sweep 2/5 CPU time = 0.00676s (Wall time = 0.00676s)

    vN Entropy at center bond b=4 = 0.357779808242
    Eigs at center bond b=4: 0.8861 0.1134 
    Largest link dim during sweep 3/5 was 14
    Largest truncation error: 6.1825e-13
    Energy after sweep 3/5 is -9.837852909739
    Sweep 3/5 CPU time = 0.00739s (Wall time = 0.00739s)

    vN Entropy at center bond b=4 = 0.357770945781
    Eigs at center bond b=4: 0.8861 0.1134 
    Largest link dim during sweep 4/5 was 12
    Largest truncation error: 1.02593e-13
    Energy after sweep 4/5 is -9.837852924587
    Sweep 4/5 CPU time = 0.00708s (Wall time = 0.00714s)

    vN Entropy at center bond b=4 = 0.357770909304
    Eigs at center bond b=4: 0.8861 0.1134 
    Largest link dim during sweep 5/5 was 11
    Largest truncation error: 8.56837e-13
    Energy after sweep 5/5 is -9.837852924582
    Sweep 5/5 CPU time = 0.00693s (Wall time = 0.00693s)

    vN Entropy at center bond b=4 = 0.109752817546
    Eigs at center bond b=4: 0.9771 0.0228 
    Largest link dim during sweep 1/5 was 4
    Largest truncation error: 3.1921e-16
    Energy after sweep 1/5 is -9.777621810562
    Sweep 1/5 CPU time = 0.00424s (Wall time = 0.00426s)

    vN Entropy at center bond b=4 = 0.353044860739
    Eigs at center bond b=4: 0.8883 0.1113 
    Largest link dim during sweep 2/5 was 14
    Largest truncation error: 6.90948e-13
    Energy after sweep 2/5 is -9.837791759166
    Sweep 2/5 CPU time = 0.00515s (Wall time = 0.00515s)

    vN Entropy at center bond b=4 = 0.357162492214
    Eigs at center bond b=4: 0.8864 0.1132 
    Largest link dim during sweep 3/5 was 15
    Largest truncation error: 5.05007e-13
    Energy after sweep 3/5 is -9.837951719021
    Sweep 3/5 CPU time = 0.00547s (Wall time = 0.00547s)

    vN Entropy at center bond b=4 = 0.357160542443
    Eigs at center bond b=4: 0.8864 0.1132 
    Largest link dim during sweep 4/5 was 10
    Largest truncation error: 3.96151e-13
    Energy after sweep 4/5 is -9.837951731393
    Sweep 4/5 CPU time = 0.00512s (Wall time = 0.00514s)

    vN Entropy at center bond b=4 = 0.357160543528
    Eigs at center bond b=4: 0.8864 0.1132 
    Largest link dim during sweep 5/5 was 9
    Largest truncation error: 2.64352e-13
    Energy after sweep 5/5 is -9.837951731393
    Sweep 5/5 CPU time = 0.00514s (Wall time = 0.00514s)

maxLinkDim after global subspace expansion = 9
Global subspace expansion: cputime = 0.00449s, walltime = 0.00449s
warning: applyExp not converged in 2 steps
warning: applyExp not converged in 2 steps

    vN Entropy at center bond b=4 = 0.349713761398
    Eigs at center bond b=4: 0.8897 0.1099 
    Largest link dim during sweep 1/1 was 9
    Largest truncation error: 0
    Energy after sweep 1/1 is -9.837951731393
    Sweep 1/1 CPU time = 0.00368s (Wall time = 0.00677s)

maxLinkDim after global subspace expansion = 9
Global subspace expansion: cputime = 0.00457s, walltime = 0.00457s
warning: applyExp not converged in 2 steps
warning: applyExp not converged in 2 steps

    vN Entropy at center bond b=4 = 0.349713761388
    Eigs at center bond b=4: 0.8897 0.1099 
    Largest link dim during sweep 1/1 was 9
    Largest truncation error: 0
    Energy after sweep 1/1 is -9.837951731393
    Sweep 1/1 CPU time = 0.00354s (Wall time = 0.00354s)

    vN Entropy at center bond b=4 = 0.349713761388
    Eigs at center bond b=4: 0.8897 0.1099 
    Largest link dim during sweep 1/1 was 9
    Largest truncation error: 0
    Energy after sweep 1/1 is -9.837951731393
    Sweep 1/1 CPU time = 0.00332s (Wall time = 0.00332s)

    vN Entropy at center bond b=4 = 0.349713761388
    Eigs at center bond b=4: 0.8897 0.1099 
    Largest link dim during sweep 1/1 was 9
    Largest truncation error: 0
    Energy after sweep 1/1 is -9.837951731393
    Sweep 1/1 CPU time = 0.00333s (Wall time = 0.00333s)

    vN Entropy at center bond b=4 = 0.349713761388
    Eigs at center bond b=4: 0.8897 0.1099 
    Largest link dim during sweep 1/1 was 9
    Largest truncation error: 0
    Energy after sweep 1/1 is -9.837951731393
    Sweep 1/1 CPU time = 0.00322s (Wall time = 0.00328s)

    vN Entropy at center bond b=4 = 0.349713761388
    Eigs at center bond b=4: 0.8897 0.1099 
    Largest link dim during sweep 1/1 was 9
    Largest truncation error: 0
    Energy after sweep 1/1 is -9.837951731393
    Sweep 1/1 CPU time = 0.00331s (Wall time = 0.00331s)

    vN Entropy at center bond b=4 = 0.349713761388
    Eigs at center bond b=4: 0.8897 0.1099 
    Largest link dim during sweep 1/1 was 9
    Largest truncation error: 0
    Energy after sweep 1/1 is -9.837951731393
    Sweep 1/1 CPU time = 0.00329s (Wall time = 0.00329s)

    vN Entropy at center bond b=4 = 0.349713761388
    Eigs at center bond b=4: 0.8897 0.1099 
    Largest link dim during sweep 1/1 was 9
    Largest truncation error: 0
    Energy after sweep 1/1 is -9.837951731393
    Sweep 1/1 CPU time = 0.00326s (Wall time = 0.00326s)

    vN Entropy at center bond b=4 = 0.349713761388
    Eigs at center bond b=4: 0.8897 0.1099 
    Largest link dim during sweep 1/1 was 9
    Largest truncation error: 0
    Energy after sweep 1/1 is -9.837951731393
    Sweep 1/1 CPU time = 0.00324s (Wall time = 0.00324s)

    vN Entropy at center bond b=4 = 0.349713761388
    Eigs at center bond b=4: 0.8897 0.1099 
    Largest link dim during sweep 1/1 was 9
    Largest truncation error: 0
    Energy after sweep 1/1 is -9.837951731393
    Sweep 1/1 CPU time = 0.00331s (Wall time = 0.00333s)

    vN Entropy at center bond b=4 = 0.349713761388
    Eigs at center bond b=4: 0.8897 0.1099 
    Largest link dim during sweep 1/1 was 9
    Largest truncation error: 0
    Energy after sweep 1/1 is -9.837951731393
    Sweep 1/1 CPU time = 0.00324s (Wall time = 0.00324s)

    vN Entropy at center bond b=4 = 0.349713761388
    Eigs at center bond b=4: 0.8897 0.1099 
    Largest link dim during sweep 1/1 was 9
    Largest truncation error: 0
    Energy after sweep 1/1 is -9.837951731393
    Sweep 1/1 CPU time = 0.00332s (Wall time = 0.00332s)

    vN Entropy at center bond b=4 = 0.349713761388
    Eigs at center bond b=4: 0.8897 0.1099 
    Largest link dim during sweep 1/1 was 9
    Largest truncation error: 0
    Energy after sweep 1/1 is -9.837951731393
    Sweep 1/1 CPU time = 0.00331s (Wall time = 0.00331s)

    vN Entropy at center bond b=4 = 0.349713761388
    Eigs at center bond b=4: 0.8897 0.1099 
    Largest link dim during sweep 1/1 was 9
    Largest truncation error: 0
    Energy after sweep 1/1 is -9.837951731393
    Sweep 1/1 CPU time = 0.00336s (Wall time = 0.00336s)

    vN Entropy at center bond b=4 = 0.349713761388
    Eigs at center bond b=4: 0.8897 0.1099 
    Largest link dim during sweep 1/1 was 9
    Largest truncation error: 0
    Energy after sweep 1/1 is -9.837951731393
    Sweep 1/1 CPU time = 0.00334s (Wall time = 0.00334s)

    vN Entropy at center bond b=4 = 0.349713761388
    Eigs at center bond b=4: 0.8897 0.1099 
    Largest link dim during sweep 1/1 was 9
    Largest truncation error: 0
    Energy after sweep 1/1 is -9.837951731393
    Sweep 1/1 CPU time = 0.00358s (Wall time = 0.00358s)

    vN Entropy at center bond b=4 = 0.349713761388
    Eigs at center bond b=4: 0.8897 0.1099 
    Largest link dim during sweep 1/1 was 9
    Largest truncation error: 0
    Energy after sweep 1/1 is -9.837951731393
    Sweep 1/1 CPU time = 0.00328s (Wall time = 0.00328s)

    vN Entropy at center bond b=4 = 0.349713761388
    Eigs at center bond b=4: 0.8897 0.1099 
    Largest link dim during sweep 1/1 was 9
    Largest truncation error: 0
    Energy after sweep 1/1 is -9.837951731393
    Sweep 1/1 CPU time = 0.00329s (Wall time = 0.00329s)

    vN Entropy at center bond b=4 = 0.349713761388
    Eigs at center bond b=4: 0.8897 0.1099 
    Largest link dim during sweep 1/1 was 9
    Largest truncation error: 0
    Energy after sweep 1/1 is -9.837951731393
    Sweep 1/1 CPU time = 0.00332s (Wall time = 0.00332s)

    vN Entropy at center bond b=4 = 0.349713761388
    Eigs at center bond b=4: 0.8897 0.1099 
    Largest link dim during sweep 1/1 was 9
    Largest truncation error: 0
    Energy after sweep 1/1 is -9.837951731393
    Sweep 1/1 CPU time = 0.00323s (Wall time = 0.00323s)
